1743826125.592540 client started (547337): version 3.5a, socket /tmp/tmux-1000/default, protocol 8
1743826125.592729 on Linux 6.13.8-arch1-1 #1 SMP PREEMPT_DYNAMIC Sun, 23 Mar 2025 17:17:30 +0000
1743826125.592742 using libevent 2.1.12-stable poll
1743826125.592745 using ncurses 6.5 20240427
1743826125.592832 flags are 0x18010000
1743826125.592895 socket is /tmp/tmux-1000/default
1743826125.592948 trying connect
1743826125.593030 connect failed: Connection refused
1743826125.593076 lock file is /tmp/tmux-1000/default.lock
1743826125.593187 flock succeeded
1743826125.593200 got lock (7)
1743826125.593219 trying connect
1743826125.593240 connect failed: Connection refused
1743826125.594017 add peer 0x5dfd8bd43260: 8 ((nil))
1743826125.594660 sending message 111 to peer 0x5dfd8bd43260 (8 bytes)
1743826125.594674 sending message 111 to peer 0x5dfd8bd43260 (8 bytes)
1743826125.594683 sending message 101 to peer 0x5dfd8bd43260 (14 bytes)
1743826125.594685 sending message 109 to peer 0x5dfd8bd43260 (4 bytes)
1743826125.594687 sending message 102 to peer 0x5dfd8bd43260 (11 bytes)
1743826125.594689 sending message 108 to peer 0x5dfd8bd43260 (23 bytes)
1743826125.594691 sending message 112 to peer 0x5dfd8bd43260 (70 bytes)
1743826125.594693 sending message 112 to peer 0x5dfd8bd43260 (5 bytes)
1743826125.594695 sending message 112 to peer 0x5dfd8bd43260 (5 bytes)
1743826125.594697 sending message 112 to peer 0x5dfd8bd43260 (6 bytes)
1743826125.594698 sending message 112 to peer 0x5dfd8bd43260 (6 bytes)
1743826125.594700 sending message 112 to peer 0x5dfd8bd43260 (11 bytes)
1743826125.594707 sending message 112 to peer 0x5dfd8bd43260 (10 bytes)
1743826125.594708 sending message 112 to peer 0x5dfd8bd43260 (13 bytes)
1743826125.594710 sending message 112 to peer 0x5dfd8bd43260 (14 bytes)
1743826125.594712 sending message 112 to peer 0x5dfd8bd43260 (9 bytes)
1743826125.594713 sending message 112 to peer 0x5dfd8bd43260 (21 bytes)
1743826125.594715 sending message 112 to peer 0x5dfd8bd43260 (19 bytes)
1743826125.594717 sending message 112 to peer 0x5dfd8bd43260 (11 bytes)
1743826125.594718 sending message 112 to peer 0x5dfd8bd43260 (21 bytes)
1743826125.594720 sending message 112 to peer 0x5dfd8bd43260 (13 bytes)
1743826125.594722 sending message 112 to peer 0x5dfd8bd43260 (7 bytes)
1743826125.594724 sending message 112 to peer 0x5dfd8bd43260 (13 bytes)
1743826125.594727 sending message 112 to peer 0x5dfd8bd43260 (7 bytes)
1743826125.594728 sending message 112 to peer 0x5dfd8bd43260 (13 bytes)
1743826125.594730 sending message 112 to peer 0x5dfd8bd43260 (9 bytes)
1743826125.594731 sending message 112 to peer 0x5dfd8bd43260 (21 bytes)
1743826125.594733 sending message 112 to peer 0x5dfd8bd43260 (13 bytes)
1743826125.594735 sending message 112 to peer 0x5dfd8bd43260 (9 bytes)
1743826125.594737 sending message 112 to peer 0x5dfd8bd43260 (16 bytes)
1743826125.594739 sending message 112 to peer 0x5dfd8bd43260 (13 bytes)
1743826125.594741 sending message 112 to peer 0x5dfd8bd43260 (9 bytes)
1743826125.594743 sending message 112 to peer 0x5dfd8bd43260 (9 bytes)
1743826125.594744 sending message 112 to peer 0x5dfd8bd43260 (12 bytes)
1743826125.594746 sending message 112 to peer 0x5dfd8bd43260 (8 bytes)
1743826125.594748 sending message 112 to peer 0x5dfd8bd43260 (12 bytes)
1743826125.594750 sending message 112 to peer 0x5dfd8bd43260 (8 bytes)
1743826125.594752 sending message 112 to peer 0x5dfd8bd43260 (13 bytes)
1743826125.594753 sending message 112 to peer 0x5dfd8bd43260 (7 bytes)
1743826125.594754 sending message 112 to peer 0x5dfd8bd43260 (7 bytes)
1743826125.594755 sending message 112 to peer 0x5dfd8bd43260 (9 bytes)
1743826125.594756 sending message 112 to peer 0x5dfd8bd43260 (12 bytes)
1743826125.594757 sending message 112 to peer 0x5dfd8bd43260 (6 bytes)
1743826125.594759 sending message 112 to peer 0x5dfd8bd43260 (9 bytes)
1743826125.594760 sending message 112 to peer 0x5dfd8bd43260 (15 bytes)
1743826125.594789 sending message 112 to peer 0x5dfd8bd43260 (13 bytes)
1743826125.594798 sending message 112 to peer 0x5dfd8bd43260 (9 bytes)
1743826125.594801 sending message 112 to peer 0x5dfd8bd43260 (12 bytes)
1743826125.594828 sending message 112 to peer 0x5dfd8bd43260 (8 bytes)
1743826125.594831 sending message 112 to peer 0x5dfd8bd43260 (14 bytes)
1743826125.594833 sending message 112 to peer 0x5dfd8bd43260 (11 bytes)
1743826125.594834 sending message 112 to peer 0x5dfd8bd43260 (9 bytes)
1743826125.594836 sending message 112 to peer 0x5dfd8bd43260 (10 bytes)
1743826125.594837 sending message 112 to peer 0x5dfd8bd43260 (10 bytes)
1743826125.594839 sending message 112 to peer 0x5dfd8bd43260 (10 bytes)
1743826125.594840 sending message 112 to peer 0x5dfd8bd43260 (10 bytes)
1743826125.594842 sending message 112 to peer 0x5dfd8bd43260 (11 bytes)
1743826125.594844 sending message 112 to peer 0x5dfd8bd43260 (12 bytes)
1743826125.594846 sending message 112 to peer 0x5dfd8bd43260 (12 bytes)
1743826125.594848 sending message 112 to peer 0x5dfd8bd43260 (12 bytes)
1743826125.594850 sending message 112 to peer 0x5dfd8bd43260 (12 bytes)
1743826125.594853 sending message 112 to peer 0x5dfd8bd43260 (12 bytes)
1743826125.594856 sending message 112 to peer 0x5dfd8bd43260 (11 bytes)
1743826125.594858 sending message 112 to peer 0x5dfd8bd43260 (11 bytes)
1743826125.594859 sending message 112 to peer 0x5dfd8bd43260 (12 bytes)
1743826125.594864 sending message 112 to peer 0x5dfd8bd43260 (12 bytes)
1743826125.594866 sending message 112 to peer 0x5dfd8bd43260 (12 bytes)
1743826125.594868 sending message 112 to peer 0x5dfd8bd43260 (12 bytes)
1743826125.594871 sending message 112 to peer 0x5dfd8bd43260 (12 bytes)
1743826125.594874 sending message 112 to peer 0x5dfd8bd43260 (9 bytes)
1743826125.594876 sending message 112 to peer 0x5dfd8bd43260 (12 bytes)
1743826125.594877 sending message 112 to peer 0x5dfd8bd43260 (13 bytes)
1743826125.594878 sending message 112 to peer 0x5dfd8bd43260 (13 bytes)
1743826125.594879 sending message 112 to peer 0x5dfd8bd43260 (13 bytes)
1743826125.594881 sending message 112 to peer 0x5dfd8bd43260 (13 bytes)
1743826125.594882 sending message 112 to peer 0x5dfd8bd43260 (13 bytes)
1743826125.594883 sending message 112 to peer 0x5dfd8bd43260 (8 bytes)
1743826125.594885 sending message 112 to peer 0x5dfd8bd43260 (11 bytes)
1743826125.594886 sending message 112 to peer 0x5dfd8bd43260 (11 bytes)
1743826125.594888 sending message 112 to peer 0x5dfd8bd43260 (11 bytes)
1743826125.594889 sending message 112 to peer 0x5dfd8bd43260 (12 bytes)
1743826125.594892 sending message 112 to peer 0x5dfd8bd43260 (12 bytes)
1743826125.594894 sending message 112 to peer 0x5dfd8bd43260 (12 bytes)
1743826125.594895 sending message 112 to peer 0x5dfd8bd43260 (12 bytes)
1743826125.594897 sending message 112 to peer 0x5dfd8bd43260 (13 bytes)
1743826125.594899 sending message 112 to peer 0x5dfd8bd43260 (13 bytes)
1743826125.594901 sending message 112 to peer 0x5dfd8bd43260 (13 bytes)
1743826125.594903 sending message 112 to peer 0x5dfd8bd43260 (8 bytes)
1743826125.594906 sending message 112 to peer 0x5dfd8bd43260 (13 bytes)
1743826125.594908 sending message 112 to peer 0x5dfd8bd43260 (13 bytes)
1743826125.594910 sending message 112 to peer 0x5dfd8bd43260 (13 bytes)
1743826125.594911 sending message 112 to peer 0x5dfd8bd43260 (13 bytes)
1743826125.594912 sending message 112 to peer 0x5dfd8bd43260 (13 bytes)
1743826125.594914 sending message 112 to peer 0x5dfd8bd43260 (12 bytes)
1743826125.594915 sending message 112 to peer 0x5dfd8bd43260 (12 bytes)
1743826125.594917 sending message 112 to peer 0x5dfd8bd43260 (12 bytes)
1743826125.594918 sending message 112 to peer 0x5dfd8bd43260 (12 bytes)
1743826125.594921 sending message 112 to peer 0x5dfd8bd43260 (13 bytes)
1743826125.594924 sending message 112 to peer 0x5dfd8bd43260 (8 bytes)
1743826125.594926 sending message 112 to peer 0x5dfd8bd43260 (13 bytes)
1743826125.594928 sending message 112 to peer 0x5dfd8bd43260 (13 bytes)
1743826125.594929 sending message 112 to peer 0x5dfd8bd43260 (13 bytes)
1743826125.594931 sending message 112 to peer 0x5dfd8bd43260 (13 bytes)
1743826125.594932 sending message 112 to peer 0x5dfd8bd43260 (13 bytes)
1743826125.594933 sending message 112 to peer 0x5dfd8bd43260 (13 bytes)
1743826125.594937 sending message 112 to peer 0x5dfd8bd43260 (13 bytes)
1743826125.594939 sending message 112 to peer 0x5dfd8bd43260 (12 bytes)
1743826125.594940 sending message 112 to peer 0x5dfd8bd43260 (12 bytes)
1743826125.594941 sending message 112 to peer 0x5dfd8bd43260 (12 bytes)
1743826125.594943 sending message 112 to peer 0x5dfd8bd43260 (8 bytes)
1743826125.594946 sending message 112 to peer 0x5dfd8bd43260 (12 bytes)
1743826125.594949 sending message 112 to peer 0x5dfd8bd43260 (13 bytes)
1743826125.594952 sending message 112 to peer 0x5dfd8bd43260 (13 bytes)
1743826125.594954 sending message 112 to peer 0x5dfd8bd43260 (13 bytes)
1743826125.594956 sending message 112 to peer 0x5dfd8bd43260 (13 bytes)
1743826125.594958 sending message 112 to peer 0x5dfd8bd43260 (13 bytes)
1743826125.594959 sending message 112 to peer 0x5dfd8bd43260 (13 bytes)
1743826125.594961 sending message 112 to peer 0x5dfd8bd43260 (13 bytes)
1743826125.594963 sending message 112 to peer 0x5dfd8bd43260 (13 bytes)
1743826125.594965 sending message 112 to peer 0x5dfd8bd43260 (12 bytes)
1743826125.594966 sending message 112 to peer 0x5dfd8bd43260 (10 bytes)
1743826125.594969 sending message 112 to peer 0x5dfd8bd43260 (12 bytes)
1743826125.594970 sending message 112 to peer 0x5dfd8bd43260 (12 bytes)
1743826125.594972 sending message 112 to peer 0x5dfd8bd43260 (12 bytes)
1743826125.594974 sending message 112 to peer 0x5dfd8bd43260 (13 bytes)
1743826125.594975 sending message 112 to peer 0x5dfd8bd43260 (13 bytes)
1743826125.594977 sending message 112 to peer 0x5dfd8bd43260 (13 bytes)
1743826125.594979 sending message 112 to peer 0x5dfd8bd43260 (13 bytes)
1743826125.594981 sending message 112 to peer 0x5dfd8bd43260 (13 bytes)
1743826125.594983 sending message 112 to peer 0x5dfd8bd43260 (13 bytes)
1743826125.594985 sending message 112 to peer 0x5dfd8bd43260 (13 bytes)
1743826125.594986 sending message 112 to peer 0x5dfd8bd43260 (10 bytes)
1743826125.594987 sending message 112 to peer 0x5dfd8bd43260 (13 bytes)
1743826125.594988 sending message 112 to peer 0x5dfd8bd43260 (12 bytes)
1743826125.594989 sending message 112 to peer 0x5dfd8bd43260 (12 bytes)
1743826125.594991 sending message 112 to peer 0x5dfd8bd43260 (12 bytes)
1743826125.594992 sending message 112 to peer 0x5dfd8bd43260 (10 bytes)
1743826125.594993 sending message 112 to peer 0x5dfd8bd43260 (10 bytes)
1743826125.594994 sending message 112 to peer 0x5dfd8bd43260 (10 bytes)
1743826125.594996 sending message 112 to peer 0x5dfd8bd43260 (12 bytes)
1743826125.594997 sending message 112 to peer 0x5dfd8bd43260 (13 bytes)
1743826125.594998 sending message 112 to peer 0x5dfd8bd43260 (13 bytes)
1743826125.594999 sending message 112 to peer 0x5dfd8bd43260 (13 bytes)
1743826125.595000 sending message 112 to peer 0x5dfd8bd43260 (13 bytes)
1743826125.595001 sending message 112 to peer 0x5dfd8bd43260 (13 bytes)
1743826125.595003 sending message 112 to peer 0x5dfd8bd43260 (10 bytes)
1743826125.595004 sending message 112 to peer 0x5dfd8bd43260 (11 bytes)
1743826125.595005 sending message 112 to peer 0x5dfd8bd43260 (12 bytes)
1743826125.595006 sending message 112 to peer 0x5dfd8bd43260 (12 bytes)
1743826125.595007 sending message 112 to peer 0x5dfd8bd43260 (12 bytes)
1743826125.595009 sending message 112 to peer 0x5dfd8bd43260 (12 bytes)
1743826125.595010 sending message 112 to peer 0x5dfd8bd43260 (12 bytes)
1743826125.595011 sending message 112 to peer 0x5dfd8bd43260 (11 bytes)
1743826125.595012 sending message 112 to peer 0x5dfd8bd43260 (12 bytes)
1743826125.595013 sending message 112 to peer 0x5dfd8bd43260 (12 bytes)
1743826125.595014 sending message 112 to peer 0x5dfd8bd43260 (13 bytes)
1743826125.595015 sending message 112 to peer 0x5dfd8bd43260 (13 bytes)
1743826125.595017 sending message 112 to peer 0x5dfd8bd43260 (13 bytes)
1743826125.595018 sending message 112 to peer 0x5dfd8bd43260 (13 bytes)
1743826125.595019 sending message 112 to peer 0x5dfd8bd43260 (13 bytes)
1743826125.595020 sending message 112 to peer 0x5dfd8bd43260 (10 bytes)
1743826125.595024 sending message 112 to peer 0x5dfd8bd43260 (9 bytes)
1743826125.595026 sending message 112 to peer 0x5dfd8bd43260 (12 bytes)
1743826125.595027 sending message 112 to peer 0x5dfd8bd43260 (13 bytes)
1743826125.595028 sending message 112 to peer 0x5dfd8bd43260 (13 bytes)
1743826125.595029 sending message 112 to peer 0x5dfd8bd43260 (13 bytes)
1743826125.595030 sending message 112 to peer 0x5dfd8bd43260 (13 bytes)
1743826125.595031 sending message 112 to peer 0x5dfd8bd43260 (13 bytes)
1743826125.595033 sending message 112 to peer 0x5dfd8bd43260 (9 bytes)
1743826125.595034 sending message 112 to peer 0x5dfd8bd43260 (12 bytes)
1743826125.595035 sending message 112 to peer 0x5dfd8bd43260 (13 bytes)
1743826125.595037 sending message 112 to peer 0x5dfd8bd43260 (13 bytes)
1743826125.595038 sending message 112 to peer 0x5dfd8bd43260 (13 bytes)
1743826125.595039 sending message 112 to peer 0x5dfd8bd43260 (13 bytes)
1743826125.595040 sending message 112 to peer 0x5dfd8bd43260 (13 bytes)
1743826125.595041 sending message 112 to peer 0x5dfd8bd43260 (11 bytes)
1743826125.595042 sending message 112 to peer 0x5dfd8bd43260 (12 bytes)
1743826125.595044 sending message 112 to peer 0x5dfd8bd43260 (13 bytes)
1743826125.595045 sending message 112 to peer 0x5dfd8bd43260 (13 bytes)
1743826125.595046 sending message 112 to peer 0x5dfd8bd43260 (13 bytes)
1743826125.595047 sending message 112 to peer 0x5dfd8bd43260 (13 bytes)
1743826125.595048 sending message 112 to peer 0x5dfd8bd43260 (13 bytes)
1743826125.595049 sending message 112 to peer 0x5dfd8bd43260 (11 bytes)
1743826125.595051 sending message 112 to peer 0x5dfd8bd43260 (12 bytes)
1743826125.595052 sending message 112 to peer 0x5dfd8bd43260 (12 bytes)
1743826125.595053 sending message 112 to peer 0x5dfd8bd43260 (12 bytes)
1743826125.595054 sending message 112 to peer 0x5dfd8bd43260 (12 bytes)
1743826125.595055 sending message 112 to peer 0x5dfd8bd43260 (12 bytes)
1743826125.595057 sending message 112 to peer 0x5dfd8bd43260 (21 bytes)
1743826125.595058 sending message 112 to peer 0x5dfd8bd43260 (12 bytes)
1743826125.595059 sending message 112 to peer 0x5dfd8bd43260 (9 bytes)
1743826125.595060 sending message 112 to peer 0x5dfd8bd43260 (6 bytes)
1743826125.595062 sending message 112 to peer 0x5dfd8bd43260 (13 bytes)
1743826125.595063 sending message 112 to peer 0x5dfd8bd43260 (10 bytes)
1743826125.595064 sending message 112 to peer 0x5dfd8bd43260 (15 bytes)
1743826125.595066 sending message 112 to peer 0x5dfd8bd43260 (13 bytes)
1743826125.595067 sending message 112 to peer 0x5dfd8bd43260 (9 bytes)
1743826125.595070 sending message 112 to peer 0x5dfd8bd43260 (70 bytes)
1743826125.595072 sending message 112 to peer 0x5dfd8bd43260 (69 bytes)
1743826125.595073 sending message 112 to peer 0x5dfd8bd43260 (34 bytes)
1743826125.595074 sending message 112 to peer 0x5dfd8bd43260 (34 bytes)
1743826125.595076 sending message 112 to peer 0x5dfd8bd43260 (70 bytes)
1743826125.595077 sending message 112 to peer 0x5dfd8bd43260 (12 bytes)
1743826125.595078 sending message 112 to peer 0x5dfd8bd43260 (10 bytes)
1743826125.595079 sending message 112 to peer 0x5dfd8bd43260 (10 bytes)
1743826125.595081 sending message 112 to peer 0x5dfd8bd43260 (15 bytes)
1743826125.595082 sending message 112 to peer 0x5dfd8bd43260 (13 bytes)
1743826125.595083 sending message 112 to peer 0x5dfd8bd43260 (10 bytes)
1743826125.595085 sending message 112 to peer 0x5dfd8bd43260 (10 bytes)
1743826125.595086 sending message 112 to peer 0x5dfd8bd43260 (17 bytes)
1743826125.595087 sending message 112 to peer 0x5dfd8bd43260 (10 bytes)
1743826125.595089 sending message 112 to peer 0x5dfd8bd43260 (13 bytes)
1743826125.595090 sending message 112 to peer 0x5dfd8bd43260 (32 bytes)
1743826125.595091 sending message 112 to peer 0x5dfd8bd43260 (5 bytes)
1743826125.595092 sending message 112 to peer 0x5dfd8bd43260 (9 bytes)
1743826125.595093 sending message 112 to peer 0x5dfd8bd43260 (15 bytes)
1743826125.595095 sending message 112 to peer 0x5dfd8bd43260 (5 bytes)
1743826125.595097 sending message 104 to peer 0x5dfd8bd43260 (0 bytes)
1743826125.595100 sending message 110 to peer 0x5dfd8bd43260 (0 bytes)
1743826125.595102 sending message 107 to peer 0x5dfd8bd43260 (4 bytes)
1743826125.595103 sending message 105 to peer 0x5dfd8bd43260 (19 bytes)
1743826125.595104 sending message 105 to peer 0x5dfd8bd43260 (25 bytes)
1743826125.595106 sending message 105 to peer 0x5dfd8bd43260 (20 bytes)
1743826125.595107 sending message 105 to peer 0x5dfd8bd43260 (22 bytes)
1743826125.595108 sending message 105 to peer 0x5dfd8bd43260 (58 bytes)
1743826125.595110 sending message 105 to peer 0x5dfd8bd43260 (33 bytes)
1743826125.595111 sending message 105 to peer 0x5dfd8bd43260 (20 bytes)
1743826125.595112 sending message 105 to peer 0x5dfd8bd43260 (17 bytes)
1743826125.595114 sending message 105 to peer 0x5dfd8bd43260 (14 bytes)
1743826125.595115 sending message 105 to peer 0x5dfd8bd43260 (25 bytes)
1743826125.595116 sending message 105 to peer 0x5dfd8bd43260 (18 bytes)
1743826125.595117 sending message 105 to peer 0x5dfd8bd43260 (64 bytes)
1743826125.595119 sending message 105 to peer 0x5dfd8bd43260 (16 bytes)
1743826125.595120 sending message 105 to peer 0x5dfd8bd43260 (12 bytes)
1743826125.595121 sending message 105 to peer 0x5dfd8bd43260 (15 bytes)
1743826125.595123 sending message 105 to peer 0x5dfd8bd43260 (27 bytes)
1743826125.595124 sending message 105 to peer 0x5dfd8bd43260 (29 bytes)
1743826125.595126 sending message 105 to peer 0x5dfd8bd43260 (15 bytes)
1743826125.595127 sending message 105 to peer 0x5dfd8bd43260 (27 bytes)
1743826125.595128 sending message 105 to peer 0x5dfd8bd43260 (25 bytes)
1743826125.595130 sending message 105 to peer 0x5dfd8bd43260 (16 bytes)
1743826125.595131 sending message 105 to peer 0x5dfd8bd43260 (15 bytes)
1743826125.595133 sending message 105 to peer 0x5dfd8bd43260 (18 bytes)
1743826125.595134 sending message 105 to peer 0x5dfd8bd43260 (15 bytes)
1743826125.595135 sending message 105 to peer 0x5dfd8bd43260 (30 bytes)
1743826125.595136 sending message 105 to peer 0x5dfd8bd43260 (29 bytes)
1743826125.595138 sending message 105 to peer 0x5dfd8bd43260 (26 bytes)
1743826125.595139 sending message 105 to peer 0x5dfd8bd43260 (52 bytes)
1743826125.595140 sending message 105 to peer 0x5dfd8bd43260 (41 bytes)
1743826125.595141 sending message 105 to peer 0x5dfd8bd43260 (23 bytes)
1743826125.595143 sending message 105 to peer 0x5dfd8bd43260 (29 bytes)
1743826125.595144 sending message 105 to peer 0x5dfd8bd43260 (24 bytes)
1743826125.595145 sending message 105 to peer 0x5dfd8bd43260 (19 bytes)
1743826125.595146 sending message 105 to peer 0x5dfd8bd43260 (12 bytes)
1743826125.595148 sending message 105 to peer 0x5dfd8bd43260 (90 bytes)
1743826125.595149 sending message 105 to peer 0x5dfd8bd43260 (36 bytes)
1743826125.595150 sending message 105 to peer 0x5dfd8bd43260 (11 bytes)
1743826125.595152 sending message 105 to peer 0x5dfd8bd43260 (8 bytes)
1743826125.595153 sending message 105 to peer 0x5dfd8bd43260 (21 bytes)
1743826125.595154 sending message 105 to peer 0x5dfd8bd43260 (19 bytes)
1743826125.595155 sending message 105 to peer 0x5dfd8bd43260 (21 bytes)
1743826125.595157 sending message 105 to peer 0x5dfd8bd43260 (11 bytes)
1743826125.595159 sending message 105 to peer 0x5dfd8bd43260 (17 bytes)
1743826125.595160 sending message 105 to peer 0x5dfd8bd43260 (31 bytes)
1743826125.595161 sending message 105 to peer 0x5dfd8bd43260 (50 bytes)
1743826125.595162 sending message 105 to peer 0x5dfd8bd43260 (14 bytes)
1743826125.595164 sending message 105 to peer 0x5dfd8bd43260 (144 bytes)
1743826125.595165 sending message 105 to peer 0x5dfd8bd43260 (16 bytes)
1743826125.595167 sending message 105 to peer 0x5dfd8bd43260 (569 bytes)
1743826125.595169 sending message 105 to peer 0x5dfd8bd43260 (54 bytes)
1743826125.595170 sending message 105 to peer 0x5dfd8bd43260 (15 bytes)
1743826125.595171 sending message 105 to peer 0x5dfd8bd43260 (28 bytes)
1743826125.595172 sending message 105 to peer 0x5dfd8bd43260 (17 bytes)
1743826125.595173 sending message 105 to peer 0x5dfd8bd43260 (20 bytes)
1743826125.595177 sending message 105 to peer 0x5dfd8bd43260 (21 bytes)
1743826125.595182 sending message 105 to peer 0x5dfd8bd43260 (12 bytes)
1743826125.595183 sending message 105 to peer 0x5dfd8bd43260 (20 bytes)
1743826125.595185 sending message 105 to peer 0x5dfd8bd43260 (98 bytes)
1743826125.595186 sending message 105 to peer 0x5dfd8bd43260 (11 bytes)
1743826125.595187 sending message 105 to peer 0x5dfd8bd43260 (8 bytes)
1743826125.595189 sending message 105 to peer 0x5dfd8bd43260 (32 bytes)
1743826125.595191 sending message 105 to peer 0x5dfd8bd43260 (1905 bytes)
1743826125.595277 sending message 105 to peer 0x5dfd8bd43260 (28 bytes)
1743826125.595282 sending message 105 to peer 0x5dfd8bd43260 (40 bytes)
1743826125.595284 sending message 105 to peer 0x5dfd8bd43260 (146 bytes)
1743826125.595286 sending message 105 to peer 0x5dfd8bd43260 (10 bytes)
1743826125.595287 sending message 105 to peer 0x5dfd8bd43260 (24 bytes)
1743826125.595289 sending message 105 to peer 0x5dfd8bd43260 (27 bytes)
1743826125.595291 sending message 105 to peer 0x5dfd8bd43260 (29 bytes)
1743826125.595292 sending message 105 to peer 0x5dfd8bd43260 (25 bytes)
1743826125.595294 sending message 105 to peer 0x5dfd8bd43260 (83 bytes)
1743826125.595295 sending message 105 to peer 0x5dfd8bd43260 (90 bytes)
1743826125.595300 sending message 105 to peer 0x5dfd8bd43260 (84 bytes)
1743826125.595302 sending message 105 to peer 0x5dfd8bd43260 (156 bytes)
1743826125.595303 sending message 105 to peer 0x5dfd8bd43260 (27 bytes)
1743826125.595304 sending message 105 to peer 0x5dfd8bd43260 (97 bytes)
1743826125.595306 sending message 105 to peer 0x5dfd8bd43260 (82 bytes)
1743826125.595309 sending message 105 to peer 0x5dfd8bd43260 (151 bytes)
1743826125.595311 sending message 105 to peer 0x5dfd8bd43260 (181 bytes)
1743826125.595313 sending message 105 to peer 0x5dfd8bd43260 (82 bytes)
1743826125.595315 sending message 105 to peer 0x5dfd8bd43260 (41 bytes)
1743826125.595318 sending message 105 to peer 0x5dfd8bd43260 (33 bytes)
1743826125.595321 sending message 105 to peer 0x5dfd8bd43260 (23 bytes)
1743826125.595324 sending message 105 to peer 0x5dfd8bd43260 (17 bytes)
1743826125.595325 sending message 106 to peer 0x5dfd8bd43260 (0 bytes)
1743826125.595549 cmd_pack_argv: argv[0]=new
1743826125.595561 sending message 200 to peer 0x5dfd8bd43260 (8 bytes)
1743826125.595567 client loop enter
1743826125.595640 client_signal: Child exited
1743826126.481538 peer 0x5dfd8bd43260 message 207
1743826126.481550 sending message 208 to peer 0x5dfd8bd43260 (0 bytes)
1743826162.165229 peer 0x5dfd8bd43260 message 203
1743826162.165246 sending message 205 to peer 0x5dfd8bd43260 (0 bytes)
1743826162.165491 peer 0x5dfd8bd43260 message 204
1743826162.165495 client loop exit
